<?xml version="1.0" encoding="UTF-8"?>
<!-- Generated by org.testng.reporters.JUnitXMLReporter -->
<testsuite ignored="0" hostname="SubhangiS-lpt" failures="0" tests="6" name="UserScreen Test" time="17.548" errors="0" timestamp="2021-02-18T13:43:45 IST">
  <testcase classname="com.vanran.tests.UserScreenTest" name="verifyLogin" time="2.826"/>
  <testcase classname="com.vanran.tests.UserScreenTest" name="verifyclickOnApplicationSetting" time="0.18"/>
  <testcase classname="com.vanran.tests.UserScreenTest" name="verifyclickOnUser" time="0.123"/>
  <testcase classname="com.vanran.tests.UserScreenTest" name="verifyclickOnAddNew" time="6.325"/>
  <testcase classname="com.vanran.tests.UserScreenTest" name="verifyclickOnRole" time="2.854"/>
  <testcase classname="com.vanran.tests.UserScreenTest" name="verifyclickOnAdd" time="5.125"/>
</testsuite> <!-- UserScreen Test -->
