<?xml version="1.0" encoding="UTF-8"?>
<!-- Generated by org.testng.reporters.JUnitXMLReporter -->
<testsuite ignored="0" hostname="SubhangiS-lpt" failures="0" tests="6" name="Default test" time="17.354" errors="0" timestamp="2021-02-18T11:29:32 IST">
  <testcase classname="com.vanran.tests.UserRepNameMappingEditTest" name="verifyLogin" time="2.741"/>
  <testcase classname="com.vanran.tests.UserRepNameMappingEditTest" name="verifyclickOnApplicationSetting" time="0.128"/>
  <testcase classname="com.vanran.tests.UserRepNameMappingEditTest" name="verifyclickOnUserNameRepName" time="0.136"/>
  <testcase classname="com.vanran.tests.UserRepNameMappingEditTest" name="verifyclickOnEdit" time="3.173"/>
  <testcase classname="com.vanran.tests.UserRepNameMappingEditTest" name="verifyclickOndrop2" time="8.945"/>
  <testcase classname="com.vanran.tests.UserRepNameMappingEditTest" name="verifyclickUpdate" time="2.126"/>
</testsuite> <!-- Default test -->
