<?xml version="1.0" encoding="UTF-8"?>
<!-- Generated by org.testng.reporters.JUnitXMLReporter -->
<testsuite ignored="0" hostname="SubhangiS-lpt" failures="0" tests="6" name="Login Test" time="15.789" errors="0" timestamp="2021-02-19T14:54:19 IST">
  <testcase classname="com.vanran.tests.ItemsEditTest" name="verifyLogin" time="2.841"/>
  <testcase classname="com.vanran.tests.ItemsEditTest" name="verifyclickOnApplicationSetting" time="0.312"/>
  <testcase classname="com.vanran.tests.ItemsEditTest" name="verifyclickOnItems" time="0.152"/>
  <testcase classname="com.vanran.tests.ItemsEditTest" name="verifyclickOnEdit" time="9.433"/>
  <testcase classname="com.vanran.tests.ItemsEditTest" name="verifyclickOnCheckBox" time="0.792"/>
  <testcase classname="com.vanran.tests.ItemsEditTest" name="verifyclickOnUpdate" time="2.151"/>
</testsuite> <!-- Login Test -->
